d:\nitloadindustry\研究项目\1-flagship\th2020\projectfile\源代码\stgshqrpgraphic\x64\release\vc143.pdb
d:\nitloadindustry\研究项目\1-flagship\th2020\projectfile\源代码\stgshqrpgraphic\x64\release\stgsharpgraphic.obj
d:\nitloadindustry\研究项目\1-flagship\th2020\projectfile\源代码\stgshqrpgraphic\x64\release\mat4.obj
d:\nitloadindustry\研究项目\1-flagship\th2020\projectfile\源代码\stgshqrpgraphic\x64\release\mat2.obj
d:\nitloadindustry\研究项目\1-flagship\th2020\projectfile\源代码\stgshqrpgraphic\x64\release\linear.obj
d:\nitloadindustry\研究项目\1-flagship\th2020\projectfile\源代码\stgshqrpgraphic\x64\release\dllmain.obj
d:\nitloadindustry\研究项目\1-flagship\th2020\projectfile\源代码\stgshqrpgraphic\x64\release\glad.obj
d:\nitloadindustry\研究项目\1-flagship\th2020\projectfile\源代码\stgsharpgraphic.lib
d:\nitloadindustry\研究项目\1-flagship\th2020\projectfile\源代码\stgsharpgraphic.exp
d:\nitloadindustry\研究项目\1-flagship\th2020\projectfile\源代码\stgsharpgraphic.dll
d:\nitloadindustry\研究项目\1-flagship\th2020\projectfile\源代码\stgshqrpgraphic\x64\release\glad.cod
d:\nitloadindustry\研究项目\1-flagship\th2020\projectfile\源代码\stgshqrpgraphic\x64\release\dllmain.cod
d:\nitloadindustry\研究项目\1-flagship\th2020\projectfile\源代码\stgshqrpgraphic\x64\release\linear.cod
d:\nitloadindustry\研究项目\1-flagship\th2020\projectfile\源代码\stgshqrpgraphic\x64\release\mat2.cod
d:\nitloadindustry\研究项目\1-flagship\th2020\projectfile\源代码\stgshqrpgraphic\x64\release\mat4.cod
d:\nitloadindustry\研究项目\1-flagship\th2020\projectfile\源代码\stgshqrpgraphic\x64\release\stgsharpgraphic.cod
d:\nitloadindustry\研究项目\1-flagship\th2020\projectfile\源代码\stgsharpgraphic.pdb
d:\nitloadindustry\研究项目\1-flagship\th2020\projectfile\源代码\stgshqrpgraphic\x64\release\stgsharpgraphic.iobj
d:\nitloadindustry\研究项目\1-flagship\th2020\projectfile\源代码\stgshqrpgraphic\x64\release\stgsharpgraphic.ipdb
d:\nitloadindustry\研究项目\1-flagship\th2020\projectfile\源代码\stgshqrpgraphic\x64\release\stgsharpgraphic.tlog\cl.command.1.tlog
d:\nitloadindustry\研究项目\1-flagship\th2020\projectfile\源代码\stgshqrpgraphic\x64\release\stgsharpgraphic.tlog\cl.items.tlog
d:\nitloadindustry\研究项目\1-flagship\th2020\projectfile\源代码\stgshqrpgraphic\x64\release\stgsharpgraphic.tlog\cl.read.1.tlog
d:\nitloadindustry\研究项目\1-flagship\th2020\projectfile\源代码\stgshqrpgraphic\x64\release\stgsharpgraphic.tlog\cl.write.1.tlog
d:\nitloadindustry\研究项目\1-flagship\th2020\projectfile\源代码\stgshqrpgraphic\x64\release\stgsharpgraphic.tlog\link.command.1.tlog
d:\nitloadindustry\研究项目\1-flagship\th2020\projectfile\源代码\stgshqrpgraphic\x64\release\stgsharpgraphic.tlog\link.read.1.tlog
d:\nitloadindustry\研究项目\1-flagship\th2020\projectfile\源代码\stgshqrpgraphic\x64\release\stgsharpgraphic.tlog\link.write.1.tlog
d:\nitloadindustry\研究项目\1-flagship\th2020\projectfile\源代码\stgshqrpgraphic\x64\release\stgsharpgraphic.tlog\link.write.2u.tlog
