d:\nitloadindustry\研究项目\1-flagship\th2020\projectfile\源代码\stgshqrpgraphic\x64\debug\vc143.pdb
d:\nitloadindustry\研究项目\1-flagship\th2020\projectfile\源代码\stgshqrpgraphic\x64\debug\vc143.idb
d:\nitloadindustry\研究项目\1-flagship\th2020\projectfile\源代码\stgshqrpgraphic\x64\debug\stgsharpgraphic.obj
d:\nitloadindustry\研究项目\1-flagship\th2020\projectfile\源代码\stgshqrpgraphic\x64\debug\stgsharpgraphic.cod
d:\nitloadindustry\研究项目\1-flagship\th2020\projectfile\源代码\stgshqrpgraphic\x64\debug\mat4.obj
d:\nitloadindustry\研究项目\1-flagship\th2020\projectfile\源代码\stgshqrpgraphic\x64\debug\mat4.cod
d:\nitloadindustry\研究项目\1-flagship\th2020\projectfile\源代码\stgshqrpgraphic\x64\debug\mat3.obj
d:\nitloadindustry\研究项目\1-flagship\th2020\projectfile\源代码\stgshqrpgraphic\x64\debug\mat3.cod
d:\nitloadindustry\研究项目\1-flagship\th2020\projectfile\源代码\stgshqrpgraphic\x64\debug\mat2.obj
d:\nitloadindustry\研究项目\1-flagship\th2020\projectfile\源代码\stgshqrpgraphic\x64\debug\mat2.cod
d:\nitloadindustry\研究项目\1-flagship\th2020\projectfile\源代码\stgshqrpgraphic\x64\debug\linear.obj
d:\nitloadindustry\研究项目\1-flagship\th2020\projectfile\源代码\stgshqrpgraphic\x64\debug\linear.cod
d:\nitloadindustry\研究项目\1-flagship\th2020\projectfile\源代码\stgshqrpgraphic\x64\debug\dllmain.obj
d:\nitloadindustry\研究项目\1-flagship\th2020\projectfile\源代码\stgshqrpgraphic\x64\debug\dllmain.cod
d:\nitloadindustry\研究项目\1-flagship\th2020\projectfile\源代码\stgshqrpgraphic\x64\debug\glad.obj
d:\nitloadindustry\研究项目\1-flagship\th2020\projectfile\源代码\stgshqrpgraphic\x64\debug\glad.cod
d:\nitloadindustry\研究项目\1-flagship\huftdt　cooperation\2023固火方案4\cfs\cadc_flight_simulator\stgsharpgraphic.lib
d:\nitloadindustry\研究项目\1-flagship\huftdt　cooperation\2023固火方案4\cfs\cadc_flight_simulator\stgsharpgraphic.exp
d:\nitloadindustry\研究项目\1-flagship\huftdt　cooperation\2023固火方案4\cfs\cadc_flight_simulator\stgsharpgraphic.dll
d:\nitloadindustry\研究项目\1-flagship\th2020\projectfile\源代码\stgshqrpgraphic\x64\debug\stgsharpgraphic.ilk
d:\nitloadindustry\研究项目\1-flagship\huftdt　cooperation\2023固火方案4\cfs\cadc_flight_simulator\stgsharpgraphic.pdb
d:\nitloadindustry\研究项目\1-flagship\th2020\内核开源发布\stgshqrpgraphic\x64\debug\dllmain.obj
d:\nitloadindustry\研究项目\1-flagship\th2020\内核开源发布\stgshqrpgraphic\x64\debug\glad.obj
d:\nitloadindustry\研究项目\1-flagship\th2020\内核开源发布\stgshqrpgraphic\x64\debug\linear.obj
d:\nitloadindustry\研究项目\1-flagship\th2020\内核开源发布\stgshqrpgraphic\x64\debug\mat2.obj
d:\nitloadindustry\研究项目\1-flagship\th2020\内核开源发布\stgshqrpgraphic\x64\debug\mat3.obj
d:\nitloadindustry\研究项目\1-flagship\th2020\内核开源发布\stgshqrpgraphic\x64\debug\mat4.obj
d:\nitloadindustry\研究项目\1-flagship\th2020\内核开源发布\stgshqrpgraphic\x64\debug\stgsharpgraphic.obj
d:\nitloadindustry\研究项目\1-flagship\th2020\内核开源发布\stgshqrpgraphic\x64\debug\stgsharpgraphic.ilk
d:\nitloadindustry\研究项目\1-flagship\th2020\内核开源发布\stgshqrpgraphic\x64\debug\vc143.idb
d:\nitloadindustry\研究项目\1-flagship\th2020\内核开源发布\stgshqrpgraphic\x64\debug\vc143.pdb
d:\nitloadindustry\研究项目\1-flagship\th2020\内核开源发布\stgshqrpgraphic\x64\debug\stgsharpgraphic.tlog\cl.command.1.tlog
d:\nitloadindustry\研究项目\1-flagship\th2020\内核开源发布\stgshqrpgraphic\x64\debug\stgsharpgraphic.tlog\cl.items.tlog
d:\nitloadindustry\研究项目\1-flagship\th2020\内核开源发布\stgshqrpgraphic\x64\debug\stgsharpgraphic.tlog\cl.read.1.tlog
d:\nitloadindustry\研究项目\1-flagship\th2020\内核开源发布\stgshqrpgraphic\x64\debug\stgsharpgraphic.tlog\cl.write.1.tlog
d:\nitloadindustry\研究项目\1-flagship\th2020\内核开源发布\stgshqrpgraphic\x64\debug\stgsharpgraphic.tlog\link.command.1.tlog
d:\nitloadindustry\研究项目\1-flagship\th2020\内核开源发布\stgshqrpgraphic\x64\debug\stgsharpgraphic.tlog\link.read.1.tlog
d:\nitloadindustry\研究项目\1-flagship\th2020\内核开源发布\stgshqrpgraphic\x64\debug\stgsharpgraphic.tlog\link.write.1.tlog
d:\nitloadindustry\研究项目\1-flagship\th2020\内核开源发布\stgshqrpgraphic\x64\debug\stgsharpgraphic.tlog\link.write.2u.tlog
