d:\nitloadindustry\研究项目\1-flagship\th2020\projectfile\源代码\stgsharpc.bsc
d:\nitloadindustry\研究项目\1-flagship\th2020\projectfile\源代码\stgsharpc\x64\debug\vc143.pdb
d:\nitloadindustry\研究项目\1-flagship\th2020\projectfile\源代码\stgsharpc\x64\debug\vc143.idb
d:\nitloadindustry\研究项目\1-flagship\th2020\projectfile\源代码\stgsharpc\x64\debug\dllmain.sbr
d:\nitloadindustry\研究项目\1-flagship\th2020\projectfile\源代码\stgsharpc\x64\debug\mat2.sbr
d:\nitloadindustry\研究项目\1-flagship\th2020\projectfile\源代码\stgsharpc\x64\debug\mat3.sbr
d:\nitloadindustry\研究项目\1-flagship\th2020\projectfile\源代码\stgsharpc\x64\debug\mat4.sbr
d:\nitloadindustry\研究项目\1-flagship\th2020\projectfile\源代码\stgsharpc\x64\debug\stb_image.sbr
d:\nitloadindustry\研究项目\1-flagship\th2020\projectfile\源代码\stgsharpc\x64\debug\stgsharpc.sbr
d:\nitloadindustry\研究项目\1-flagship\th2020\projectfile\源代码\stgsharpc\x64\debug\stgsharpc.obj
d:\nitloadindustry\研究项目\1-flagship\th2020\projectfile\源代码\stgsharpc\x64\debug\stgsharpc.cod
d:\nitloadindustry\研究项目\1-flagship\th2020\projectfile\源代码\stgsharpc\x64\debug\stb_image.obj
d:\nitloadindustry\研究项目\1-flagship\th2020\projectfile\源代码\stgsharpc\x64\debug\stb_image.cod
d:\nitloadindustry\研究项目\1-flagship\th2020\projectfile\源代码\stgsharpc\x64\debug\mat4.obj
d:\nitloadindustry\研究项目\1-flagship\th2020\projectfile\源代码\stgsharpc\x64\debug\mat4.cod
d:\nitloadindustry\研究项目\1-flagship\th2020\projectfile\源代码\stgsharpc\x64\debug\mat3.obj
d:\nitloadindustry\研究项目\1-flagship\th2020\projectfile\源代码\stgsharpc\x64\debug\mat3.cod
d:\nitloadindustry\研究项目\1-flagship\th2020\projectfile\源代码\stgsharpc\x64\debug\mat2.obj
d:\nitloadindustry\研究项目\1-flagship\th2020\projectfile\源代码\stgsharpc\x64\debug\mat2.cod
d:\nitloadindustry\研究项目\1-flagship\th2020\projectfile\源代码\stgsharpc\x64\debug\dllmain.obj
d:\nitloadindustry\研究项目\1-flagship\th2020\projectfile\源代码\stgsharpc\x64\debug\dllmain.cod
d:\nitloadindustry\研究项目\1-flagship\th2020\projectfile\源代码\stgsharpc\x64\debug\vector.sbr
d:\nitloadindustry\研究项目\1-flagship\th2020\projectfile\源代码\stgsharpc\x64\debug\vector.obj
d:\nitloadindustry\研究项目\1-flagship\th2020\projectfile\源代码\stgsharpc\x64\debug\vector.cod
d:\nitloadindustry\研究项目\1-flagship\th2020\projectfile\源代码\stgsharpc.dll
d:\nitloadindustry\研究项目\1-flagship\th2020\projectfile\源代码\stgsharpc.pdb
d:\nitloadindustry\研究项目\1-flagship\th2020\projectfile\源代码\stgsharpc.lib
d:\nitloadindustry\研究项目\1-flagship\th2020\projectfile\源代码\stgsharpc.exp
d:\nitloadindustry\研究项目\1-flagship\th2020\projectfile\源代码\stgsharpc\x64\debug\stgsharpc.ilk
d:\nitloadindustry\研究项目\1-flagship\th2020\projectfile\源代码\stgsharpc\x64\debug\stgsharpc.tlog\bscmake.command.1.tlog
d:\nitloadindustry\研究项目\1-flagship\th2020\projectfile\源代码\stgsharpc\x64\debug\stgsharpc.tlog\bscmake.read.1.tlog
d:\nitloadindustry\研究项目\1-flagship\th2020\projectfile\源代码\stgsharpc\x64\debug\stgsharpc.tlog\bscmake.write.1.tlog
d:\nitloadindustry\研究项目\1-flagship\th2020\projectfile\源代码\stgsharpc\x64\debug\stgsharpc.tlog\cl.command.1.tlog
d:\nitloadindustry\研究项目\1-flagship\th2020\projectfile\源代码\stgsharpc\x64\debug\stgsharpc.tlog\cl.items.tlog
d:\nitloadindustry\研究项目\1-flagship\th2020\projectfile\源代码\stgsharpc\x64\debug\stgsharpc.tlog\cl.read.1.tlog
d:\nitloadindustry\研究项目\1-flagship\th2020\projectfile\源代码\stgsharpc\x64\debug\stgsharpc.tlog\cl.write.1.tlog
d:\nitloadindustry\研究项目\1-flagship\th2020\projectfile\源代码\stgsharpc\x64\debug\stgsharpc.tlog\link.command.1.tlog
d:\nitloadindustry\研究项目\1-flagship\th2020\projectfile\源代码\stgsharpc\x64\debug\stgsharpc.tlog\link.read.1.tlog
d:\nitloadindustry\研究项目\1-flagship\th2020\projectfile\源代码\stgsharpc\x64\debug\stgsharpc.tlog\link.secondary.1.tlog
d:\nitloadindustry\研究项目\1-flagship\th2020\projectfile\源代码\stgsharpc\x64\debug\stgsharpc.tlog\link.write.1.tlog
